[0.006s] Invoking command in '/home/loong/AGV_sim/src/build/ros_gz_example_application': CMAKE_PREFIX_PATH=${CMAKE_PREFIX_PATH}:/opt/ros/humble /usr/bin/cmake --build /home/loong/AGV_sim/src/build/ros_gz_example_application -- -j32 -l32
[0.032s] Invoked command in '/home/loong/AGV_sim/src/build/ros_gz_example_application' returned '0': CMAKE_PREFIX_PATH=${CMAKE_PREFIX_PATH}:/opt/ros/humble /usr/bin/cmake --build /home/loong/AGV_sim/src/build/ros_gz_example_application -- -j32 -l32
[0.033s] Invoking command in '/home/loong/AGV_sim/src/build/ros_gz_example_application': CMAKE_PREFIX_PATH=${CMAKE_PREFIX_PATH}:/opt/ros/humble /usr/bin/cmake --install /home/loong/AGV_sim/src/build/ros_gz_example_application
[0.038s] -- Install configuration: ""
[0.038s] -- Execute custom install script
[0.038s] -- Up-to-date symlink: /home/loong/AGV_sim/src/install/ros_gz_example_application/share/ament_index/resource_index/package_run_dependencies/ros_gz_example_application
[0.038s] -- Up-to-date symlink: /home/loong/AGV_sim/src/install/ros_gz_example_application/share/ament_index/resource_index/parent_prefix_path/ros_gz_example_application
[0.038s] -- Up-to-date symlink: /home/loong/AGV_sim/src/install/ros_gz_example_application/share/ros_gz_example_application/environment/ament_prefix_path.sh
[0.039s] -- Up-to-date symlink: /home/loong/AGV_sim/src/install/ros_gz_example_application/share/ros_gz_example_application/environment/ament_prefix_path.dsv
[0.039s] -- Up-to-date symlink: /home/loong/AGV_sim/src/install/ros_gz_example_application/share/ros_gz_example_application/environment/path.sh
[0.039s] -- Up-to-date symlink: /home/loong/AGV_sim/src/install/ros_gz_example_application/share/ros_gz_example_application/environment/path.dsv
[0.039s] -- Up-to-date symlink: /home/loong/AGV_sim/src/install/ros_gz_example_application/share/ros_gz_example_application/local_setup.bash
[0.039s] -- Up-to-date symlink: /home/loong/AGV_sim/src/install/ros_gz_example_application/share/ros_gz_example_application/local_setup.sh
[0.039s] -- Up-to-date symlink: /home/loong/AGV_sim/src/install/ros_gz_example_application/share/ros_gz_example_application/local_setup.zsh
[0.039s] -- Up-to-date symlink: /home/loong/AGV_sim/src/install/ros_gz_example_application/share/ros_gz_example_application/local_setup.dsv
[0.039s] -- Symlinking: /home/loong/AGV_sim/src/install/ros_gz_example_application/share/ros_gz_example_application/package.dsv
[0.053s] -- Up-to-date symlink: /home/loong/AGV_sim/src/install/ros_gz_example_application/share/ament_index/resource_index/packages/ros_gz_example_application
[0.053s] -- Up-to-date symlink: /home/loong/AGV_sim/src/install/ros_gz_example_application/share/ros_gz_example_application/cmake/ros_gz_example_applicationConfig.cmake
[0.053s] -- Up-to-date symlink: /home/loong/AGV_sim/src/install/ros_gz_example_application/share/ros_gz_example_application/cmake/ros_gz_example_applicationConfig-version.cmake
[0.053s] -- Up-to-date symlink: /home/loong/AGV_sim/src/install/ros_gz_example_application/share/ros_gz_example_application/package.xml
[0.060s] Invoked command in '/home/loong/AGV_sim/src/build/ros_gz_example_application' returned '0': CMAKE_PREFIX_PATH=${CMAKE_PREFIX_PATH}:/opt/ros/humble /usr/bin/cmake --install /home/loong/AGV_sim/src/build/ros_gz_example_application
