[0.008s] Invoking command in '/home/loong/AGV_sim/src/build/ros_gz_example_description': CMAKE_PREFIX_PATH=${CMAKE_PREFIX_PATH}:/opt/ros/humble /usr/bin/cmake --build /home/loong/AGV_sim/src/build/ros_gz_example_description -- -j32 -l32
[0.037s] Invoked command in '/home/loong/AGV_sim/src/build/ros_gz_example_description' returned '0': CMAKE_PREFIX_PATH=${CMAKE_PREFIX_PATH}:/opt/ros/humble /usr/bin/cmake --build /home/loong/AGV_sim/src/build/ros_gz_example_description -- -j32 -l32
[0.037s] Invoking command in '/home/loong/AGV_sim/src/build/ros_gz_example_description': CMAKE_PREFIX_PATH=${CMAKE_PREFIX_PATH}:/opt/ros/humble /usr/bin/cmake --install /home/loong/AGV_sim/src/build/ros_gz_example_description
[0.043s] -- Install configuration: ""
[0.044s] -- Execute custom install script
[0.044s] -- Up-to-date symlink: /home/loong/AGV_sim/src/install/ros_gz_example_description/share/ros_gz_example_description/models/agv_ackermann/model.config
[0.044s] -- Up-to-date symlink: /home/loong/AGV_sim/src/install/ros_gz_example_description/share/ros_gz_example_description/models/agv_ackermann/model.sdf
[0.044s] -- Up-to-date symlink: /home/loong/AGV_sim/src/install/ros_gz_example_description/share/ros_gz_example_description/models/diff_drive/model.config
[0.044s] -- Up-to-date symlink: /home/loong/AGV_sim/src/install/ros_gz_example_description/share/ros_gz_example_description/models/diff_drive/model.sdf
[0.044s] -- Up-to-date symlink: /home/loong/AGV_sim/src/install/ros_gz_example_description/share/ros_gz_example_description/models/rrbot/model.sdf
[0.044s] -- Up-to-date symlink: /home/loong/AGV_sim/src/install/ros_gz_example_description/share/ros_gz_example_description/environment/ros_gz_example_description.dsv
[0.044s] -- Up-to-date symlink: /home/loong/AGV_sim/src/install/ros_gz_example_description/share/ros_gz_example_description/environment/ros_gz_example_description.sh
[0.044s] -- Up-to-date symlink: /home/loong/AGV_sim/src/install/ros_gz_example_description/share/ament_index/resource_index/package_run_dependencies/ros_gz_example_description
[0.044s] -- Up-to-date symlink: /home/loong/AGV_sim/src/install/ros_gz_example_description/share/ament_index/resource_index/parent_prefix_path/ros_gz_example_description
[0.045s] -- Up-to-date symlink: /home/loong/AGV_sim/src/install/ros_gz_example_description/share/ros_gz_example_description/environment/ament_prefix_path.sh
[0.045s] -- Up-to-date symlink: /home/loong/AGV_sim/src/install/ros_gz_example_description/share/ros_gz_example_description/environment/ament_prefix_path.dsv
[0.045s] -- Up-to-date symlink: /home/loong/AGV_sim/src/install/ros_gz_example_description/share/ros_gz_example_description/environment/path.sh
[0.045s] -- Up-to-date symlink: /home/loong/AGV_sim/src/install/ros_gz_example_description/share/ros_gz_example_description/environment/path.dsv
[0.045s] -- Up-to-date symlink: /home/loong/AGV_sim/src/install/ros_gz_example_description/share/ros_gz_example_description/local_setup.bash
[0.045s] -- Up-to-date symlink: /home/loong/AGV_sim/src/install/ros_gz_example_description/share/ros_gz_example_description/local_setup.sh
[0.045s] -- Up-to-date symlink: /home/loong/AGV_sim/src/install/ros_gz_example_description/share/ros_gz_example_description/local_setup.zsh
[0.045s] -- Up-to-date symlink: /home/loong/AGV_sim/src/install/ros_gz_example_description/share/ros_gz_example_description/local_setup.dsv
[0.045s] -- Symlinking: /home/loong/AGV_sim/src/install/ros_gz_example_description/share/ros_gz_example_description/package.dsv
[0.059s] -- Up-to-date symlink: /home/loong/AGV_sim/src/install/ros_gz_example_description/share/ament_index/resource_index/packages/ros_gz_example_description
[0.059s] -- Up-to-date symlink: /home/loong/AGV_sim/src/install/ros_gz_example_description/share/ros_gz_example_description/cmake/ros_gz_example_descriptionConfig.cmake
[0.059s] -- Up-to-date symlink: /home/loong/AGV_sim/src/install/ros_gz_example_description/share/ros_gz_example_description/cmake/ros_gz_example_descriptionConfig-version.cmake
[0.059s] -- Up-to-date symlink: /home/loong/AGV_sim/src/install/ros_gz_example_description/share/ros_gz_example_description/package.xml
[0.062s] Invoked command in '/home/loong/AGV_sim/src/build/ros_gz_example_description' returned '0': CMAKE_PREFIX_PATH=${CMAKE_PREFIX_PATH}:/opt/ros/humble /usr/bin/cmake --install /home/loong/AGV_sim/src/build/ros_gz_example_description
