[0.361s] DEBUG:colcon:Command line arguments: ['/usr/bin/colcon', 'build', '--symlink-install']
[0.361s] DEBUG:colcon:Parsed command line arguments: Namespace(log_base=None, log_level=None, verb_name='build', build_base='build', install_base='install', merge_install=False, symlink_install=True, test_result_base=None, continue_on_error=False, executor='parallel', parallel_workers=32, event_handlers=None, ignore_user_meta=False, metas=['./colcon.meta'], base_paths=['.'], packages_ignore=None, packages_ignore_regex=None, paths=None, packages_up_to=None, packages_up_to_regex=None, packages_above=None, packages_above_and_dependencies=None, packages_above_depth=None, packages_select_by_dep=None, packages_skip_by_dep=None, packages_skip_up_to=None, packages_select_build_failed=False, packages_skip_build_finished=False, packages_select_test_failures=False, packages_skip_test_passed=False, packages_select=None, packages_skip=None, packages_select_regex=None, packages_skip_regex=None, packages_start=None, packages_end=None, allow_overriding=[], cmake_args=None, cmake_target=None, cmake_target_skip_unavailable=False, cmake_clean_cache=False, cmake_clean_first=False, cmake_force_configure=False, ament_cmake_args=None, catkin_cmake_args=None, catkin_skip_building_tests=False, mixin_files=None, mixin=None, verb_parser=<colcon_mixin.mixin.mixin_argument.MixinArgumentDecorator object at 0x739380436050>, verb_extension=<colcon_core.verb.build.BuildVerb object at 0x7393804359c0>, main=<bound method BuildVerb.main of <colcon_core.verb.build.BuildVerb object at 0x7393804359c0>>, mixin_verb=('build',))
[1.686s] Level 1:colcon.colcon_core.package_discovery:discover_packages(colcon_meta) check parameters
[1.686s] Level 1:colcon.colcon_core.package_discovery:discover_packages(recursive) check parameters
[1.686s] Level 1:colcon.colcon_core.package_discovery:discover_packages(ignore) check parameters
[1.686s] Level 1:colcon.colcon_core.package_discovery:discover_packages(path) check parameters
[1.687s] Level 1:colcon.colcon_core.package_discovery:discover_packages(colcon_meta) discover
[1.687s] Level 1:colcon.colcon_core.package_discovery:discover_packages(recursive) discover
[1.687s] INFO:colcon.colcon_core.package_discovery:Crawling recursively for packages in '/home/loong/AGV_sim/src'
[1.687s] Level 1:colcon.colcon_core.package_identification:_identify(.) by extensions ['ignore', 'ignore_ament_install']
[1.687s] Level 1:colcon.colcon_core.package_identification:_identify(.) by extension 'ignore'
[1.687s] Level 1:colcon.colcon_core.package_identification:_identify(.) by extension 'ignore_ament_install'
[1.687s] Level 1:colcon.colcon_core.package_identification:_identify(.) by extensions ['colcon_pkg']
[1.687s] Level 1:colcon.colcon_core.package_identification:_identify(.) by extension 'colcon_pkg'
[1.687s] Level 1:colcon.colcon_core.package_identification:_identify(.) by extensions ['colcon_meta']
[1.688s] Level 1:colcon.colcon_core.package_identification:_identify(.) by extension 'colcon_meta'
[1.688s] Level 1:colcon.colcon_core.package_identification:_identify(.) by extensions ['ros']
[1.688s] Level 1:colcon.colcon_core.package_identification:_identify(.) by extension 'ros'
[1.725s] Level 1:colcon.colcon_core.package_identification:_identify(.) by extensions ['cmake', 'python']
[1.725s] Level 1:colcon.colcon_core.package_identification:_identify(.) by extension 'cmake'
[1.725s] Level 1:colcon.colcon_core.package_identification:_identify(.) by extension 'python'
[1.725s] Level 1:colcon.colcon_core.package_identification:_identify(.) by extensions ['python_setup_py']
[1.725s] Level 1:colcon.colcon_core.package_identification:_identify(.) by extension 'python_setup_py'
[1.725s] Level 1:colcon.colcon_core.package_identification:_identify(Gazebo_Harbour_Models) by extensions ['ignore', 'ignore_ament_install']
[1.725s] Level 1:colcon.colcon_core.package_identification:_identify(Gazebo_Harbour_Models) by extension 'ignore'
[1.725s] Level 1:colcon.colcon_core.package_identification:_identify(Gazebo_Harbour_Models) ignored
[1.726s] Level 1:colcon.colcon_core.package_identification:_identify(backend) by extensions ['ignore', 'ignore_ament_install']
[1.726s] Level 1:colcon.colcon_core.package_identification:_identify(backend) by extension 'ignore'
[1.726s] Level 1:colcon.colcon_core.package_identification:_identify(backend) by extension 'ignore_ament_install'
[1.726s] Level 1:colcon.colcon_core.package_identification:_identify(backend) by extensions ['colcon_pkg']
[1.726s] Level 1:colcon.colcon_core.package_identification:_identify(backend) by extension 'colcon_pkg'
[1.726s] Level 1:colcon.colcon_core.package_identification:_identify(backend) by extensions ['colcon_meta']
[1.726s] Level 1:colcon.colcon_core.package_identification:_identify(backend) by extension 'colcon_meta'
[1.726s] Level 1:colcon.colcon_core.package_identification:_identify(backend) by extensions ['ros']
[1.726s] Level 1:colcon.colcon_core.package_identification:_identify(backend) by extension 'ros'
[1.726s] Level 1:colcon.colcon_core.package_identification:_identify(backend) by extensions ['cmake', 'python']
[1.726s] Level 1:colcon.colcon_core.package_identification:_identify(backend) by extension 'cmake'
[1.726s] Level 1:colcon.colcon_core.package_identification:_identify(backend) by extension 'python'
[1.726s] Level 1:colcon.colcon_core.package_identification:_identify(backend) by extensions ['python_setup_py']
[1.726s] Level 1:colcon.colcon_core.package_identification:_identify(backend) by extension 'python_setup_py'
[1.726s] Level 1:colcon.colcon_core.package_identification:_identify(backend/config) by extensions ['ignore', 'ignore_ament_install']
[1.726s] Level 1:colcon.colcon_core.package_identification:_identify(backend/config) by extension 'ignore'
[1.726s] Level 1:colcon.colcon_core.package_identification:_identify(backend/config) by extension 'ignore_ament_install'
[1.726s] Level 1:colcon.colcon_core.package_identification:_identify(backend/config) by extensions ['colcon_pkg']
[1.726s] Level 1:colcon.colcon_core.package_identification:_identify(backend/config) by extension 'colcon_pkg'
[1.726s] Level 1:colcon.colcon_core.package_identification:_identify(backend/config) by extensions ['colcon_meta']
[1.726s] Level 1:colcon.colcon_core.package_identification:_identify(backend/config) by extension 'colcon_meta'
[1.726s] Level 1:colcon.colcon_core.package_identification:_identify(backend/config) by extensions ['ros']
[1.726s] Level 1:colcon.colcon_core.package_identification:_identify(backend/config) by extension 'ros'
[1.727s] Level 1:colcon.colcon_core.package_identification:_identify(backend/config) by extensions ['cmake', 'python']
[1.727s] Level 1:colcon.colcon_core.package_identification:_identify(backend/config) by extension 'cmake'
[1.727s] Level 1:colcon.colcon_core.package_identification:_identify(backend/config) by extension 'python'
[1.727s] Level 1:colcon.colcon_core.package_identification:_identify(backend/config) by extensions ['python_setup_py']
[1.727s] Level 1:colcon.colcon_core.package_identification:_identify(backend/config) by extension 'python_setup_py'
[1.727s] Level 1:colcon.colcon_core.package_identification:_identify(build) by extensions ['ignore', 'ignore_ament_install']
[1.727s] Level 1:colcon.colcon_core.package_identification:_identify(build) by extension 'ignore'
[1.727s] Level 1:colcon.colcon_core.package_identification:_identify(build) ignored
[1.727s] Level 1:colcon.colcon_core.package_identification:_identify(docs) by extensions ['ignore', 'ignore_ament_install']
[1.727s] Level 1:colcon.colcon_core.package_identification:_identify(docs) by extension 'ignore'
[1.727s] Level 1:colcon.colcon_core.package_identification:_identify(docs) by extension 'ignore_ament_install'
[1.727s] Level 1:colcon.colcon_core.package_identification:_identify(docs) by extensions ['colcon_pkg']
[1.727s] Level 1:colcon.colcon_core.package_identification:_identify(docs) by extension 'colcon_pkg'
[1.727s] Level 1:colcon.colcon_core.package_identification:_identify(docs) by extensions ['colcon_meta']
[1.727s] Level 1:colcon.colcon_core.package_identification:_identify(docs) by extension 'colcon_meta'
[1.727s] Level 1:colcon.colcon_core.package_identification:_identify(docs) by extensions ['ros']
[1.727s] Level 1:colcon.colcon_core.package_identification:_identify(docs) by extension 'ros'
[1.727s] Level 1:colcon.colcon_core.package_identification:_identify(docs) by extensions ['cmake', 'python']
[1.727s] Level 1:colcon.colcon_core.package_identification:_identify(docs) by extension 'cmake'
[1.727s] Level 1:colcon.colcon_core.package_identification:_identify(docs) by extension 'python'
[1.727s] Level 1:colcon.colcon_core.package_identification:_identify(docs) by extensions ['python_setup_py']
[1.727s] Level 1:colcon.colcon_core.package_identification:_identify(docs) by extension 'python_setup_py'
[1.727s] Level 1:colcon.colcon_core.package_identification:_identify(harbour_assets_description) by extensions ['ignore', 'ignore_ament_install']
[1.727s] Level 1:colcon.colcon_core.package_identification:_identify(harbour_assets_description) by extension 'ignore'
[1.727s] Level 1:colcon.colcon_core.package_identification:_identify(harbour_assets_description) by extension 'ignore_ament_install'
[1.727s] Level 1:colcon.colcon_core.package_identification:_identify(harbour_assets_description) by extensions ['colcon_pkg']
[1.728s] Level 1:colcon.colcon_core.package_identification:_identify(harbour_assets_description) by extension 'colcon_pkg'
[1.728s] Level 1:colcon.colcon_core.package_identification:_identify(harbour_assets_description) by extensions ['colcon_meta']
[1.728s] Level 1:colcon.colcon_core.package_identification:_identify(harbour_assets_description) by extension 'colcon_meta'
[1.728s] Level 1:colcon.colcon_core.package_identification:_identify(harbour_assets_description) by extensions ['ros']
[1.728s] Level 1:colcon.colcon_core.package_identification:_identify(harbour_assets_description) by extension 'ros'
[1.733s] DEBUG:colcon.colcon_core.package_identification:Package 'harbour_assets_description' with type 'ros.ament_cmake' and name 'harbour_assets_description'
[1.733s] Level 1:colcon.colcon_core.package_identification:_identify(install) by extensions ['ignore', 'ignore_ament_install']
[1.733s] Level 1:colcon.colcon_core.package_identification:_identify(install) by extension 'ignore'
[1.733s] Level 1:colcon.colcon_core.package_identification:_identify(install) ignored
[1.733s] Level 1:colcon.colcon_core.package_identification:_identify(log) by extensions ['ignore', 'ignore_ament_install']
[1.733s] Level 1:colcon.colcon_core.package_identification:_identify(log) by extension 'ignore'
[1.733s] Level 1:colcon.colcon_core.package_identification:_identify(log) ignored
[1.733s] Level 1:colcon.colcon_core.package_identification:_identify(ros_gz_project_template) by extensions ['ignore', 'ignore_ament_install']
[1.733s] Level 1:colcon.colcon_core.package_identification:_identify(ros_gz_project_template) by extension 'ignore'
[1.733s] Level 1:colcon.colcon_core.package_identification:_identify(ros_gz_project_template) by extension 'ignore_ament_install'
[1.733s] Level 1:colcon.colcon_core.package_identification:_identify(ros_gz_project_template) by extensions ['colcon_pkg']
[1.733s] Level 1:colcon.colcon_core.package_identification:_identify(ros_gz_project_template) by extension 'colcon_pkg'
[1.733s] Level 1:colcon.colcon_core.package_identification:_identify(ros_gz_project_template) by extensions ['colcon_meta']
[1.733s] Level 1:colcon.colcon_core.package_identification:_identify(ros_gz_project_template) by extension 'colcon_meta'
[1.733s] Level 1:colcon.colcon_core.package_identification:_identify(ros_gz_project_template) by extensions ['ros']
[1.733s] Level 1:colcon.colcon_core.package_identification:_identify(ros_gz_project_template) by extension 'ros'
[1.734s] Level 1:colcon.colcon_core.package_identification:_identify(ros_gz_project_template) by extensions ['cmake', 'python']
[1.734s] Level 1:colcon.colcon_core.package_identification:_identify(ros_gz_project_template) by extension 'cmake'
[1.734s] Level 1:colcon.colcon_core.package_identification:_identify(ros_gz_project_template) by extension 'python'
[1.734s] Level 1:colcon.colcon_core.package_identification:_identify(ros_gz_project_template) by extensions ['python_setup_py']
[1.734s] Level 1:colcon.colcon_core.package_identification:_identify(ros_gz_project_template) by extension 'python_setup_py'
[1.734s] Level 1:colcon.colcon_core.package_identification:_identify(ros_gz_project_template/ros_gz_example_application) by extensions ['ignore', 'ignore_ament_install']
[1.734s] Level 1:colcon.colcon_core.package_identification:_identify(ros_gz_project_template/ros_gz_example_application) by extension 'ignore'
[1.734s] Level 1:colcon.colcon_core.package_identification:_identify(ros_gz_project_template/ros_gz_example_application) by extension 'ignore_ament_install'
[1.734s] Level 1:colcon.colcon_core.package_identification:_identify(ros_gz_project_template/ros_gz_example_application) by extensions ['colcon_pkg']
[1.734s] Level 1:colcon.colcon_core.package_identification:_identify(ros_gz_project_template/ros_gz_example_application) by extension 'colcon_pkg'
[1.734s] Level 1:colcon.colcon_core.package_identification:_identify(ros_gz_project_template/ros_gz_example_application) by extensions ['colcon_meta']
[1.734s] Level 1:colcon.colcon_core.package_identification:_identify(ros_gz_project_template/ros_gz_example_application) by extension 'colcon_meta'
[1.734s] Level 1:colcon.colcon_core.package_identification:_identify(ros_gz_project_template/ros_gz_example_application) by extensions ['ros']
[1.734s] Level 1:colcon.colcon_core.package_identification:_identify(ros_gz_project_template/ros_gz_example_application) by extension 'ros'
[1.734s] DEBUG:colcon.colcon_core.package_identification:Package 'ros_gz_project_template/ros_gz_example_application' with type 'ros.ament_cmake' and name 'ros_gz_example_application'
[1.734s] Level 1:colcon.colcon_core.package_identification:_identify(ros_gz_project_template/ros_gz_example_bringup) by extensions ['ignore', 'ignore_ament_install']
[1.734s] Level 1:colcon.colcon_core.package_identification:_identify(ros_gz_project_template/ros_gz_example_bringup) by extension 'ignore'
[1.734s] Level 1:colcon.colcon_core.package_identification:_identify(ros_gz_project_template/ros_gz_example_bringup) by extension 'ignore_ament_install'
[1.735s] Level 1:colcon.colcon_core.package_identification:_identify(ros_gz_project_template/ros_gz_example_bringup) by extensions ['colcon_pkg']
[1.735s] Level 1:colcon.colcon_core.package_identification:_identify(ros_gz_project_template/ros_gz_example_bringup) by extension 'colcon_pkg'
[1.735s] Level 1:colcon.colcon_core.package_identification:_identify(ros_gz_project_template/ros_gz_example_bringup) by extensions ['colcon_meta']
[1.735s] Level 1:colcon.colcon_core.package_identification:_identify(ros_gz_project_template/ros_gz_example_bringup) by extension 'colcon_meta'
[1.735s] Level 1:colcon.colcon_core.package_identification:_identify(ros_gz_project_template/ros_gz_example_bringup) by extensions ['ros']
[1.735s] Level 1:colcon.colcon_core.package_identification:_identify(ros_gz_project_template/ros_gz_example_bringup) by extension 'ros'
[1.735s] DEBUG:colcon.colcon_core.package_identification:Package 'ros_gz_project_template/ros_gz_example_bringup' with type 'ros.ament_cmake' and name 'ros_gz_example_bringup'
[1.735s] Level 1:colcon.colcon_core.package_identification:_identify(ros_gz_project_template/ros_gz_example_description) by extensions ['ignore', 'ignore_ament_install']
[1.735s] Level 1:colcon.colcon_core.package_identification:_identify(ros_gz_project_template/ros_gz_example_description) by extension 'ignore'
[1.735s] Level 1:colcon.colcon_core.package_identification:_identify(ros_gz_project_template/ros_gz_example_description) by extension 'ignore_ament_install'
[1.735s] Level 1:colcon.colcon_core.package_identification:_identify(ros_gz_project_template/ros_gz_example_description) by extensions ['colcon_pkg']
[1.735s] Level 1:colcon.colcon_core.package_identification:_identify(ros_gz_project_template/ros_gz_example_description) by extension 'colcon_pkg'
[1.735s] Level 1:colcon.colcon_core.package_identification:_identify(ros_gz_project_template/ros_gz_example_description) by extensions ['colcon_meta']
[1.735s] Level 1:colcon.colcon_core.package_identification:_identify(ros_gz_project_template/ros_gz_example_description) by extension 'colcon_meta'
[1.735s] Level 1:colcon.colcon_core.package_identification:_identify(ros_gz_project_template/ros_gz_example_description) by extensions ['ros']
[1.735s] Level 1:colcon.colcon_core.package_identification:_identify(ros_gz_project_template/ros_gz_example_description) by extension 'ros'
[1.736s] DEBUG:colcon.colcon_core.package_identification:Package 'ros_gz_project_template/ros_gz_example_description' with type 'ros.ament_cmake' and name 'ros_gz_example_description'
[1.736s] Level 1:colcon.colcon_core.package_identification:_identify(ros_gz_project_template/ros_gz_example_gazebo) by extensions ['ignore', 'ignore_ament_install']
[1.736s] Level 1:colcon.colcon_core.package_identification:_identify(ros_gz_project_template/ros_gz_example_gazebo) by extension 'ignore'
[1.736s] Level 1:colcon.colcon_core.package_identification:_identify(ros_gz_project_template/ros_gz_example_gazebo) by extension 'ignore_ament_install'
[1.736s] Level 1:colcon.colcon_core.package_identification:_identify(ros_gz_project_template/ros_gz_example_gazebo) by extensions ['colcon_pkg']
[1.736s] Level 1:colcon.colcon_core.package_identification:_identify(ros_gz_project_template/ros_gz_example_gazebo) by extension 'colcon_pkg'
[1.736s] Level 1:colcon.colcon_core.package_identification:_identify(ros_gz_project_template/ros_gz_example_gazebo) by extensions ['colcon_meta']
[1.736s] Level 1:colcon.colcon_core.package_identification:_identify(ros_gz_project_template/ros_gz_example_gazebo) by extension 'colcon_meta'
[1.736s] Level 1:colcon.colcon_core.package_identification:_identify(ros_gz_project_template/ros_gz_example_gazebo) by extensions ['ros']
[1.736s] Level 1:colcon.colcon_core.package_identification:_identify(ros_gz_project_template/ros_gz_example_gazebo) by extension 'ros'
[1.736s] DEBUG:colcon.colcon_core.package_identification:Package 'ros_gz_project_template/ros_gz_example_gazebo' with type 'ros.ament_cmake' and name 'ros_gz_example_gazebo'
[1.736s] Level 1:colcon.colcon_core.package_identification:_identify(web_dashboard) by extensions ['ignore', 'ignore_ament_install']
[1.736s] Level 1:colcon.colcon_core.package_identification:_identify(web_dashboard) by extension 'ignore'
[1.736s] Level 1:colcon.colcon_core.package_identification:_identify(web_dashboard) by extension 'ignore_ament_install'
[1.736s] Level 1:colcon.colcon_core.package_identification:_identify(web_dashboard) by extensions ['colcon_pkg']
[1.736s] Level 1:colcon.colcon_core.package_identification:_identify(web_dashboard) by extension 'colcon_pkg'
[1.736s] Level 1:colcon.colcon_core.package_identification:_identify(web_dashboard) by extensions ['colcon_meta']
[1.736s] Level 1:colcon.colcon_core.package_identification:_identify(web_dashboard) by extension 'colcon_meta'
[1.736s] Level 1:colcon.colcon_core.package_identification:_identify(web_dashboard) by extensions ['ros']
[1.736s] Level 1:colcon.colcon_core.package_identification:_identify(web_dashboard) by extension 'ros'
[1.736s] Level 1:colcon.colcon_core.package_identification:_identify(web_dashboard) by extensions ['cmake', 'python']
[1.736s] Level 1:colcon.colcon_core.package_identification:_identify(web_dashboard) by extension 'cmake'
[1.736s] Level 1:colcon.colcon_core.package_identification:_identify(web_dashboard) by extension 'python'
[1.736s] Level 1:colcon.colcon_core.package_identification:_identify(web_dashboard) by extensions ['python_setup_py']
[1.736s] Level 1:colcon.colcon_core.package_identification:_identify(web_dashboard) by extension 'python_setup_py'
[1.737s] Level 1:colcon.colcon_core.package_identification:_identify(web_dashboard/__pycache__) by extensions ['ignore', 'ignore_ament_install']
[1.737s] Level 1:colcon.colcon_core.package_identification:_identify(web_dashboard/__pycache__) by extension 'ignore'
[1.737s] Level 1:colcon.colcon_core.package_identification:_identify(web_dashboard/__pycache__) by extension 'ignore_ament_install'
[1.737s] Level 1:colcon.colcon_core.package_identification:_identify(web_dashboard/__pycache__) by extensions ['colcon_pkg']
[1.737s] Level 1:colcon.colcon_core.package_identification:_identify(web_dashboard/__pycache__) by extension 'colcon_pkg'
[1.737s] Level 1:colcon.colcon_core.package_identification:_identify(web_dashboard/__pycache__) by extensions ['colcon_meta']
[1.737s] Level 1:colcon.colcon_core.package_identification:_identify(web_dashboard/__pycache__) by extension 'colcon_meta'
[1.737s] Level 1:colcon.colcon_core.package_identification:_identify(web_dashboard/__pycache__) by extensions ['ros']
[1.737s] Level 1:colcon.colcon_core.package_identification:_identify(web_dashboard/__pycache__) by extension 'ros'
[1.737s] Level 1:colcon.colcon_core.package_identification:_identify(web_dashboard/__pycache__) by extensions ['cmake', 'python']
[1.737s] Level 1:colcon.colcon_core.package_identification:_identify(web_dashboard/__pycache__) by extension 'cmake'
[1.737s] Level 1:colcon.colcon_core.package_identification:_identify(web_dashboard/__pycache__) by extension 'python'
[1.737s] Level 1:colcon.colcon_core.package_identification:_identify(web_dashboard/__pycache__) by extensions ['python_setup_py']
[1.737s] Level 1:colcon.colcon_core.package_identification:_identify(web_dashboard/__pycache__) by extension 'python_setup_py'
[1.737s] Level 1:colcon.colcon_core.package_identification:_identify(web_dashboard/build) by extensions ['ignore', 'ignore_ament_install']
[1.737s] Level 1:colcon.colcon_core.package_identification:_identify(web_dashboard/build) by extension 'ignore'
[1.737s] Level 1:colcon.colcon_core.package_identification:_identify(web_dashboard/build) ignored
[1.737s] Level 1:colcon.colcon_core.package_identification:_identify(web_dashboard/install) by extensions ['ignore', 'ignore_ament_install']
[1.737s] Level 1:colcon.colcon_core.package_identification:_identify(web_dashboard/install) by extension 'ignore'
[1.737s] Level 1:colcon.colcon_core.package_identification:_identify(web_dashboard/install) ignored
[1.737s] Level 1:colcon.colcon_core.package_identification:_identify(web_dashboard/log) by extensions ['ignore', 'ignore_ament_install']
[1.737s] Level 1:colcon.colcon_core.package_identification:_identify(web_dashboard/log) by extension 'ignore'
[1.737s] Level 1:colcon.colcon_core.package_identification:_identify(web_dashboard/log) ignored
[1.737s] Level 1:colcon.colcon_core.package_identification:_identify(web_dashboard/static) by extensions ['ignore', 'ignore_ament_install']
[1.737s] Level 1:colcon.colcon_core.package_identification:_identify(web_dashboard/static) by extension 'ignore'
[1.737s] Level 1:colcon.colcon_core.package_identification:_identify(web_dashboard/static) by extension 'ignore_ament_install'
[1.737s] Level 1:colcon.colcon_core.package_identification:_identify(web_dashboard/static) by extensions ['colcon_pkg']
[1.737s] Level 1:colcon.colcon_core.package_identification:_identify(web_dashboard/static) by extension 'colcon_pkg'
[1.737s] Level 1:colcon.colcon_core.package_identification:_identify(web_dashboard/static) by extensions ['colcon_meta']
[1.737s] Level 1:colcon.colcon_core.package_identification:_identify(web_dashboard/static) by extension 'colcon_meta'
[1.737s] Level 1:colcon.colcon_core.package_identification:_identify(web_dashboard/static) by extensions ['ros']
[1.737s] Level 1:colcon.colcon_core.package_identification:_identify(web_dashboard/static) by extension 'ros'
[1.737s] Level 1:colcon.colcon_core.package_identification:_identify(web_dashboard/static) by extensions ['cmake', 'python']
[1.737s] Level 1:colcon.colcon_core.package_identification:_identify(web_dashboard/static) by extension 'cmake'
[1.737s] Level 1:colcon.colcon_core.package_identification:_identify(web_dashboard/static) by extension 'python'
[1.737s] Level 1:colcon.colcon_core.package_identification:_identify(web_dashboard/static) by extensions ['python_setup_py']
[1.737s] Level 1:colcon.colcon_core.package_identification:_identify(web_dashboard/static) by extension 'python_setup_py'
[1.737s] Level 1:colcon.colcon_core.package_identification:_identify(web_dashboard/static/css) by extensions ['ignore', 'ignore_ament_install']
[1.737s] Level 1:colcon.colcon_core.package_identification:_identify(web_dashboard/static/css) by extension 'ignore'
[1.737s] Level 1:colcon.colcon_core.package_identification:_identify(web_dashboard/static/css) by extension 'ignore_ament_install'
[1.737s] Level 1:colcon.colcon_core.package_identification:_identify(web_dashboard/static/css) by extensions ['colcon_pkg']
[1.737s] Level 1:colcon.colcon_core.package_identification:_identify(web_dashboard/static/css) by extension 'colcon_pkg'
[1.737s] Level 1:colcon.colcon_core.package_identification:_identify(web_dashboard/static/css) by extensions ['colcon_meta']
[1.737s] Level 1:colcon.colcon_core.package_identification:_identify(web_dashboard/static/css) by extension 'colcon_meta'
[1.737s] Level 1:colcon.colcon_core.package_identification:_identify(web_dashboard/static/css) by extensions ['ros']
[1.737s] Level 1:colcon.colcon_core.package_identification:_identify(web_dashboard/static/css) by extension 'ros'
[1.737s] Level 1:colcon.colcon_core.package_identification:_identify(web_dashboard/static/css) by extensions ['cmake', 'python']
[1.737s] Level 1:colcon.colcon_core.package_identification:_identify(web_dashboard/static/css) by extension 'cmake'
[1.738s] Level 1:colcon.colcon_core.package_identification:_identify(web_dashboard/static/css) by extension 'python'
[1.738s] Level 1:colcon.colcon_core.package_identification:_identify(web_dashboard/static/css) by extensions ['python_setup_py']
[1.738s] Level 1:colcon.colcon_core.package_identification:_identify(web_dashboard/static/css) by extension 'python_setup_py'
[1.738s] Level 1:colcon.colcon_core.package_identification:_identify(web_dashboard/static/css/images) by extensions ['ignore', 'ignore_ament_install']
[1.738s] Level 1:colcon.colcon_core.package_identification:_identify(web_dashboard/static/css/images) by extension 'ignore'
[1.738s] Level 1:colcon.colcon_core.package_identification:_identify(web_dashboard/static/css/images) by extension 'ignore_ament_install'
[1.738s] Level 1:colcon.colcon_core.package_identification:_identify(web_dashboard/static/css/images) by extensions ['colcon_pkg']
[1.738s] Level 1:colcon.colcon_core.package_identification:_identify(web_dashboard/static/css/images) by extension 'colcon_pkg'
[1.738s] Level 1:colcon.colcon_core.package_identification:_identify(web_dashboard/static/css/images) by extensions ['colcon_meta']
[1.738s] Level 1:colcon.colcon_core.package_identification:_identify(web_dashboard/static/css/images) by extension 'colcon_meta'
[1.738s] Level 1:colcon.colcon_core.package_identification:_identify(web_dashboard/static/css/images) by extensions ['ros']
[1.738s] Level 1:colcon.colcon_core.package_identification:_identify(web_dashboard/static/css/images) by extension 'ros'
[1.738s] Level 1:colcon.colcon_core.package_identification:_identify(web_dashboard/static/css/images) by extensions ['cmake', 'python']
[1.738s] Level 1:colcon.colcon_core.package_identification:_identify(web_dashboard/static/css/images) by extension 'cmake'
[1.738s] Level 1:colcon.colcon_core.package_identification:_identify(web_dashboard/static/css/images) by extension 'python'
[1.738s] Level 1:colcon.colcon_core.package_identification:_identify(web_dashboard/static/css/images) by extensions ['python_setup_py']
[1.738s] Level 1:colcon.colcon_core.package_identification:_identify(web_dashboard/static/css/images) by extension 'python_setup_py'
[1.738s] Level 1:colcon.colcon_core.package_identification:_identify(web_dashboard/static/js) by extensions ['ignore', 'ignore_ament_install']
[1.738s] Level 1:colcon.colcon_core.package_identification:_identify(web_dashboard/static/js) by extension 'ignore'
[1.738s] Level 1:colcon.colcon_core.package_identification:_identify(web_dashboard/static/js) by extension 'ignore_ament_install'
[1.738s] Level 1:colcon.colcon_core.package_identification:_identify(web_dashboard/static/js) by extensions ['colcon_pkg']
[1.738s] Level 1:colcon.colcon_core.package_identification:_identify(web_dashboard/static/js) by extension 'colcon_pkg'
[1.738s] Level 1:colcon.colcon_core.package_identification:_identify(web_dashboard/static/js) by extensions ['colcon_meta']
[1.738s] Level 1:colcon.colcon_core.package_identification:_identify(web_dashboard/static/js) by extension 'colcon_meta'
[1.738s] Level 1:colcon.colcon_core.package_identification:_identify(web_dashboard/static/js) by extensions ['ros']
[1.738s] Level 1:colcon.colcon_core.package_identification:_identify(web_dashboard/static/js) by extension 'ros'
[1.738s] Level 1:colcon.colcon_core.package_identification:_identify(web_dashboard/static/js) by extensions ['cmake', 'python']
[1.738s] Level 1:colcon.colcon_core.package_identification:_identify(web_dashboard/static/js) by extension 'cmake'
[1.738s] Level 1:colcon.colcon_core.package_identification:_identify(web_dashboard/static/js) by extension 'python'
[1.738s] Level 1:colcon.colcon_core.package_identification:_identify(web_dashboard/static/js) by extensions ['python_setup_py']
[1.738s] Level 1:colcon.colcon_core.package_identification:_identify(web_dashboard/static/js) by extension 'python_setup_py'
[1.738s] Level 1:colcon.colcon_core.package_identification:_identify(web_dashboard/static/tiles) by extensions ['ignore', 'ignore_ament_install']
[1.738s] Level 1:colcon.colcon_core.package_identification:_identify(web_dashboard/static/tiles) by extension 'ignore'
[1.738s] Level 1:colcon.colcon_core.package_identification:_identify(web_dashboard/static/tiles) by extension 'ignore_ament_install'
[1.738s] Level 1:colcon.colcon_core.package_identification:_identify(web_dashboard/static/tiles) by extensions ['colcon_pkg']
[1.738s] Level 1:colcon.colcon_core.package_identification:_identify(web_dashboard/static/tiles) by extension 'colcon_pkg'
[1.738s] Level 1:colcon.colcon_core.package_identification:_identify(web_dashboard/static/tiles) by extensions ['colcon_meta']
[1.738s] Level 1:colcon.colcon_core.package_identification:_identify(web_dashboard/static/tiles) by extension 'colcon_meta'
[1.738s] Level 1:colcon.colcon_core.package_identification:_identify(web_dashboard/static/tiles) by extensions ['ros']
[1.738s] Level 1:colcon.colcon_core.package_identification:_identify(web_dashboard/static/tiles) by extension 'ros'
[1.738s] Level 1:colcon.colcon_core.package_identification:_identify(web_dashboard/static/tiles) by extensions ['cmake', 'python']
[1.738s] Level 1:colcon.colcon_core.package_identification:_identify(web_dashboard/static/tiles) by extension 'cmake'
[1.738s] Level 1:colcon.colcon_core.package_identification:_identify(web_dashboard/static/tiles) by extension 'python'
[1.738s] Level 1:colcon.colcon_core.package_identification:_identify(web_dashboard/static/tiles) by extensions ['python_setup_py']
[1.738s] Level 1:colcon.colcon_core.package_identification:_identify(web_dashboard/static/tiles) by extension 'python_setup_py'
[1.738s] Level 1:colcon.colcon_core.package_identification:_identify(web_dashboard/templates) by extensions ['ignore', 'ignore_ament_install']
[1.738s] Level 1:colcon.colcon_core.package_identification:_identify(web_dashboard/templates) by extension 'ignore'
[1.738s] Level 1:colcon.colcon_core.package_identification:_identify(web_dashboard/templates) by extension 'ignore_ament_install'
[1.738s] Level 1:colcon.colcon_core.package_identification:_identify(web_dashboard/templates) by extensions ['colcon_pkg']
[1.738s] Level 1:colcon.colcon_core.package_identification:_identify(web_dashboard/templates) by extension 'colcon_pkg'
[1.738s] Level 1:colcon.colcon_core.package_identification:_identify(web_dashboard/templates) by extensions ['colcon_meta']
[1.738s] Level 1:colcon.colcon_core.package_identification:_identify(web_dashboard/templates) by extension 'colcon_meta'
[1.738s] Level 1:colcon.colcon_core.package_identification:_identify(web_dashboard/templates) by extensions ['ros']
[1.738s] Level 1:colcon.colcon_core.package_identification:_identify(web_dashboard/templates) by extension 'ros'
[1.738s] Level 1:colcon.colcon_core.package_identification:_identify(web_dashboard/templates) by extensions ['cmake', 'python']
[1.738s] Level 1:colcon.colcon_core.package_identification:_identify(web_dashboard/templates) by extension 'cmake'
[1.738s] Level 1:colcon.colcon_core.package_identification:_identify(web_dashboard/templates) by extension 'python'
[1.738s] Level 1:colcon.colcon_core.package_identification:_identify(web_dashboard/templates) by extensions ['python_setup_py']
[1.738s] Level 1:colcon.colcon_core.package_identification:_identify(web_dashboard/templates) by extension 'python_setup_py'
[1.738s] Level 1:colcon.colcon_core.package_discovery:discover_packages(recursive) using defaults
[1.738s] Level 1:colcon.colcon_core.package_discovery:discover_packages(ignore) discover
[1.739s] Level 1:colcon.colcon_core.package_discovery:discover_packages(ignore) using defaults
[1.739s] Level 1:colcon.colcon_core.package_discovery:discover_packages(path) discover
[1.739s] Level 1:colcon.colcon_core.package_discovery:discover_packages(path) using defaults
[1.778s] Level 1:colcon.colcon_core.package_discovery:discover_packages(prefix_path) check parameters
[1.778s] Level 1:colcon.colcon_core.package_discovery:discover_packages(prefix_path) discover
[1.788s] DEBUG:colcon.colcon_installed_package_information.package_discovery:Found 4 installed packages in /home/loong/AGV_sim/install
[1.789s] DEBUG:colcon.colcon_installed_package_information.package_discovery:Found 382 installed packages in /opt/ros/humble
[1.791s] Level 1:colcon.colcon_core.package_discovery:discover_packages(prefix_path) using defaults
[1.847s] Level 5:colcon.colcon_core.verb:set package 'harbour_assets_description' build argument 'cmake_args' from command line to 'None'
[1.847s] Level 5:colcon.colcon_core.verb:set package 'harbour_assets_description' build argument 'cmake_target' from command line to 'None'
[1.847s] Level 5:colcon.colcon_core.verb:set package 'harbour_assets_description' build argument 'cmake_target_skip_unavailable' from command line to 'False'
[1.847s] Level 5:colcon.colcon_core.verb:set package 'harbour_assets_description' build argument 'cmake_clean_cache' from command line to 'False'
[1.847s] Level 5:colcon.colcon_core.verb:set package 'harbour_assets_description' build argument 'cmake_clean_first' from command line to 'False'
[1.847s] Level 5:colcon.colcon_core.verb:set package 'harbour_assets_description' build argument 'cmake_force_configure' from command line to 'False'
[1.847s] Level 5:colcon.colcon_core.verb:set package 'harbour_assets_description' build argument 'ament_cmake_args' from command line to 'None'
[1.847s] Level 5:colcon.colcon_core.verb:set package 'harbour_assets_description' build argument 'catkin_cmake_args' from command line to 'None'
[1.847s] Level 5:colcon.colcon_core.verb:set package 'harbour_assets_description' build argument 'catkin_skip_building_tests' from command line to 'False'
[1.847s] DEBUG:colcon.colcon_core.verb:Building package 'harbour_assets_description' with the following arguments: {'ament_cmake_args': None, 'build_base': '/home/loong/AGV_sim/src/build/harbour_assets_description', 'catkin_cmake_args': None, 'catkin_skip_building_tests': False, 'cmake_args': None, 'cmake_clean_cache': False, 'cmake_clean_first': False, 'cmake_force_configure': False, 'cmake_target': None, 'cmake_target_skip_unavailable': False, 'install_base': '/home/loong/AGV_sim/src/install/harbour_assets_description', 'merge_install': False, 'path': '/home/loong/AGV_sim/src/harbour_assets_description', 'symlink_install': True, 'test_result_base': None}
[1.847s] Level 5:colcon.colcon_core.verb:set package 'ros_gz_example_application' build argument 'cmake_args' from command line to 'None'
[1.847s] Level 5:colcon.colcon_core.verb:set package 'ros_gz_example_application' build argument 'cmake_target' from command line to 'None'
[1.847s] Level 5:colcon.colcon_core.verb:set package 'ros_gz_example_application' build argument 'cmake_target_skip_unavailable' from command line to 'False'
[1.847s] Level 5:colcon.colcon_core.verb:set package 'ros_gz_example_application' build argument 'cmake_clean_cache' from command line to 'False'
[1.847s] Level 5:colcon.colcon_core.verb:set package 'ros_gz_example_application' build argument 'cmake_clean_first' from command line to 'False'
[1.847s] Level 5:colcon.colcon_core.verb:set package 'ros_gz_example_application' build argument 'cmake_force_configure' from command line to 'False'
[1.847s] Level 5:colcon.colcon_core.verb:set package 'ros_gz_example_application' build argument 'ament_cmake_args' from command line to 'None'
[1.847s] Level 5:colcon.colcon_core.verb:set package 'ros_gz_example_application' build argument 'catkin_cmake_args' from command line to 'None'
[1.847s] Level 5:colcon.colcon_core.verb:set package 'ros_gz_example_application' build argument 'catkin_skip_building_tests' from command line to 'False'
[1.847s] DEBUG:colcon.colcon_core.verb:Building package 'ros_gz_example_application' with the following arguments: {'ament_cmake_args': None, 'build_base': '/home/loong/AGV_sim/src/build/ros_gz_example_application', 'catkin_cmake_args': None, 'catkin_skip_building_tests': False, 'cmake_args': None, 'cmake_clean_cache': False, 'cmake_clean_first': False, 'cmake_force_configure': False, 'cmake_target': None, 'cmake_target_skip_unavailable': False, 'install_base': '/home/loong/AGV_sim/src/install/ros_gz_example_application', 'merge_install': False, 'path': '/home/loong/AGV_sim/src/ros_gz_project_template/ros_gz_example_application', 'symlink_install': True, 'test_result_base': None}
[1.847s] Level 5:colcon.colcon_core.verb:set package 'ros_gz_example_description' build argument 'cmake_args' from command line to 'None'
[1.847s] Level 5:colcon.colcon_core.verb:set package 'ros_gz_example_description' build argument 'cmake_target' from command line to 'None'
[1.847s] Level 5:colcon.colcon_core.verb:set package 'ros_gz_example_description' build argument 'cmake_target_skip_unavailable' from command line to 'False'
[1.847s] Level 5:colcon.colcon_core.verb:set package 'ros_gz_example_description' build argument 'cmake_clean_cache' from command line to 'False'
[1.848s] Level 5:colcon.colcon_core.verb:set package 'ros_gz_example_description' build argument 'cmake_clean_first' from command line to 'False'
[1.848s] Level 5:colcon.colcon_core.verb:set package 'ros_gz_example_description' build argument 'cmake_force_configure' from command line to 'False'
[1.848s] Level 5:colcon.colcon_core.verb:set package 'ros_gz_example_description' build argument 'ament_cmake_args' from command line to 'None'
[1.848s] Level 5:colcon.colcon_core.verb:set package 'ros_gz_example_description' build argument 'catkin_cmake_args' from command line to 'None'
[1.848s] Level 5:colcon.colcon_core.verb:set package 'ros_gz_example_description' build argument 'catkin_skip_building_tests' from command line to 'False'
[1.848s] DEBUG:colcon.colcon_core.verb:Building package 'ros_gz_example_description' with the following arguments: {'ament_cmake_args': None, 'build_base': '/home/loong/AGV_sim/src/build/ros_gz_example_description', 'catkin_cmake_args': None, 'catkin_skip_building_tests': False, 'cmake_args': None, 'cmake_clean_cache': False, 'cmake_clean_first': False, 'cmake_force_configure': False, 'cmake_target': None, 'cmake_target_skip_unavailable': False, 'install_base': '/home/loong/AGV_sim/src/install/ros_gz_example_description', 'merge_install': False, 'path': '/home/loong/AGV_sim/src/ros_gz_project_template/ros_gz_example_description', 'symlink_install': True, 'test_result_base': None}
[1.848s] Level 5:colcon.colcon_core.verb:set package 'ros_gz_example_gazebo' build argument 'cmake_args' from command line to 'None'
[1.848s] Level 5:colcon.colcon_core.verb:set package 'ros_gz_example_gazebo' build argument 'cmake_target' from command line to 'None'
[1.848s] Level 5:colcon.colcon_core.verb:set package 'ros_gz_example_gazebo' build argument 'cmake_target_skip_unavailable' from command line to 'False'
[1.848s] Level 5:colcon.colcon_core.verb:set package 'ros_gz_example_gazebo' build argument 'cmake_clean_cache' from command line to 'False'
[1.848s] Level 5:colcon.colcon_core.verb:set package 'ros_gz_example_gazebo' build argument 'cmake_clean_first' from command line to 'False'
[1.848s] Level 5:colcon.colcon_core.verb:set package 'ros_gz_example_gazebo' build argument 'cmake_force_configure' from command line to 'False'
[1.848s] Level 5:colcon.colcon_core.verb:set package 'ros_gz_example_gazebo' build argument 'ament_cmake_args' from command line to 'None'
[1.848s] Level 5:colcon.colcon_core.verb:set package 'ros_gz_example_gazebo' build argument 'catkin_cmake_args' from command line to 'None'
[1.848s] Level 5:colcon.colcon_core.verb:set package 'ros_gz_example_gazebo' build argument 'catkin_skip_building_tests' from command line to 'False'
[1.848s] DEBUG:colcon.colcon_core.verb:Building package 'ros_gz_example_gazebo' with the following arguments: {'ament_cmake_args': None, 'build_base': '/home/loong/AGV_sim/src/build/ros_gz_example_gazebo', 'catkin_cmake_args': None, 'catkin_skip_building_tests': False, 'cmake_args': None, 'cmake_clean_cache': False, 'cmake_clean_first': False, 'cmake_force_configure': False, 'cmake_target': None, 'cmake_target_skip_unavailable': False, 'install_base': '/home/loong/AGV_sim/src/install/ros_gz_example_gazebo', 'merge_install': False, 'path': '/home/loong/AGV_sim/src/ros_gz_project_template/ros_gz_example_gazebo', 'symlink_install': True, 'test_result_base': None}
[1.848s] Level 5:colcon.colcon_core.verb:set package 'ros_gz_example_bringup' build argument 'cmake_args' from command line to 'None'
[1.848s] Level 5:colcon.colcon_core.verb:set package 'ros_gz_example_bringup' build argument 'cmake_target' from command line to 'None'
[1.848s] Level 5:colcon.colcon_core.verb:set package 'ros_gz_example_bringup' build argument 'cmake_target_skip_unavailable' from command line to 'False'
[1.848s] Level 5:colcon.colcon_core.verb:set package 'ros_gz_example_bringup' build argument 'cmake_clean_cache' from command line to 'False'
[1.848s] Level 5:colcon.colcon_core.verb:set package 'ros_gz_example_bringup' build argument 'cmake_clean_first' from command line to 'False'
[1.848s] Level 5:colcon.colcon_core.verb:set package 'ros_gz_example_bringup' build argument 'cmake_force_configure' from command line to 'False'
[1.848s] Level 5:colcon.colcon_core.verb:set package 'ros_gz_example_bringup' build argument 'ament_cmake_args' from command line to 'None'
[1.848s] Level 5:colcon.colcon_core.verb:set package 'ros_gz_example_bringup' build argument 'catkin_cmake_args' from command line to 'None'
[1.848s] Level 5:colcon.colcon_core.verb:set package 'ros_gz_example_bringup' build argument 'catkin_skip_building_tests' from command line to 'False'
[1.848s] DEBUG:colcon.colcon_core.verb:Building package 'ros_gz_example_bringup' with the following arguments: {'ament_cmake_args': None, 'build_base': '/home/loong/AGV_sim/src/build/ros_gz_example_bringup', 'catkin_cmake_args': None, 'catkin_skip_building_tests': False, 'cmake_args': None, 'cmake_clean_cache': False, 'cmake_clean_first': False, 'cmake_force_configure': False, 'cmake_target': None, 'cmake_target_skip_unavailable': False, 'install_base': '/home/loong/AGV_sim/src/install/ros_gz_example_bringup', 'merge_install': False, 'path': '/home/loong/AGV_sim/src/ros_gz_project_template/ros_gz_example_bringup', 'symlink_install': True, 'test_result_base': None}
[1.848s] INFO:colcon.colcon_core.executor:Executing jobs using 'parallel' executor
[1.849s] DEBUG:colcon.colcon_parallel_executor.executor.parallel:run_until_complete
[1.849s] INFO:colcon.colcon_ros.task.ament_cmake.build:Building ROS package in '/home/loong/AGV_sim/src/ros_gz_project_template/ros_gz_example_description' with build type 'ament_cmake'
[1.849s] INFO:colcon.colcon_cmake.task.cmake.build:Building CMake package in '/home/loong/AGV_sim/src/ros_gz_project_template/ros_gz_example_description'
[1.862s] INFO:colcon.colcon_core.plugin_system:Skipping extension 'colcon_core.shell.bat': Not used on non-Windows systems
[1.862s] INFO:colcon.colcon_core.shell:Skip shell extension 'powershell' for command environment: Not usable outside of PowerShell
[1.862s] DEBUG:colcon.colcon_core.shell:Skip shell extension 'dsv' for command environment
[1.866s] INFO:colcon.colcon_ros.task.ament_cmake.build:Building ROS package in '/home/loong/AGV_sim/src/harbour_assets_description' with build type 'ament_cmake'
[1.866s] INFO:colcon.colcon_cmake.task.cmake.build:Building CMake package in '/home/loong/AGV_sim/src/harbour_assets_description'
[1.866s] INFO:colcon.colcon_core.shell:Skip shell extension 'powershell' for command environment: Not usable outside of PowerShell
[1.866s] DEBUG:colcon.colcon_core.shell:Skip shell extension 'dsv' for command environment
[1.868s] INFO:colcon.colcon_ros.task.ament_cmake.build:Building ROS package in '/home/loong/AGV_sim/src/ros_gz_project_template/ros_gz_example_application' with build type 'ament_cmake'
[1.868s] INFO:colcon.colcon_cmake.task.cmake.build:Building CMake package in '/home/loong/AGV_sim/src/ros_gz_project_template/ros_gz_example_application'
[1.868s] INFO:colcon.colcon_core.shell:Skip shell extension 'powershell' for command environment: Not usable outside of PowerShell
[1.868s] DEBUG:colcon.colcon_core.shell:Skip shell extension 'dsv' for command environment
[1.873s] DEBUG:colcon.colcon_core.event_handler.log_command:Invoking command in '/home/loong/AGV_sim/src/build/ros_gz_example_description': CMAKE_PREFIX_PATH=${CMAKE_PREFIX_PATH}:/opt/ros/humble /usr/bin/cmake --build /home/loong/AGV_sim/src/build/ros_gz_example_description -- -j32 -l32
[1.876s] DEBUG:colcon.colcon_core.event_handler.log_command:Invoking command in '/home/loong/AGV_sim/src/build/harbour_assets_description': CMAKE_PREFIX_PATH=${CMAKE_PREFIX_PATH}:/opt/ros/humble /usr/bin/cmake --build /home/loong/AGV_sim/src/build/harbour_assets_description -- -j32 -l32
[1.879s] DEBUG:colcon.colcon_core.event_handler.log_command:Invoking command in '/home/loong/AGV_sim/src/build/ros_gz_example_application': CMAKE_PREFIX_PATH=${CMAKE_PREFIX_PATH}:/opt/ros/humble /usr/bin/cmake --build /home/loong/AGV_sim/src/build/ros_gz_example_application -- -j32 -l32
[1.964s] DEBUG:colcon.colcon_core.event_handler.log_command:Invoked command in '/home/loong/AGV_sim/src/build/harbour_assets_description' returned '0': CMAKE_PREFIX_PATH=${CMAKE_PREFIX_PATH}:/opt/ros/humble /usr/bin/cmake --build /home/loong/AGV_sim/src/build/harbour_assets_description -- -j32 -l32
[1.978s] DEBUG:colcon.colcon_core.event_handler.log_command:Invoking command in '/home/loong/AGV_sim/src/build/harbour_assets_description': CMAKE_PREFIX_PATH=${CMAKE_PREFIX_PATH}:/opt/ros/humble /usr/bin/cmake --install /home/loong/AGV_sim/src/build/harbour_assets_description
[1.981s] DEBUG:colcon.colcon_core.event_handler.log_command:Invoked command in '/home/loong/AGV_sim/src/build/ros_gz_example_application' returned '0': CMAKE_PREFIX_PATH=${CMAKE_PREFIX_PATH}:/opt/ros/humble /usr/bin/cmake --build /home/loong/AGV_sim/src/build/ros_gz_example_application -- -j32 -l32
[1.985s] DEBUG:colcon.colcon_core.event_handler.log_command:Invoking command in '/home/loong/AGV_sim/src/build/ros_gz_example_application': CMAKE_PREFIX_PATH=${CMAKE_PREFIX_PATH}:/opt/ros/humble /usr/bin/cmake --install /home/loong/AGV_sim/src/build/ros_gz_example_application
[1.986s] DEBUG:colcon.colcon_core.event_handler.log_command:Invoked command in '/home/loong/AGV_sim/src/build/ros_gz_example_description' returned '0': CMAKE_PREFIX_PATH=${CMAKE_PREFIX_PATH}:/opt/ros/humble /usr/bin/cmake --build /home/loong/AGV_sim/src/build/ros_gz_example_description -- -j32 -l32
[1.991s] DEBUG:colcon.colcon_core.event_handler.log_command:Invoking command in '/home/loong/AGV_sim/src/build/ros_gz_example_description': CMAKE_PREFIX_PATH=${CMAKE_PREFIX_PATH}:/opt/ros/humble /usr/bin/cmake --install /home/loong/AGV_sim/src/build/ros_gz_example_description
[2.012s] Level 1:colcon.colcon_core.environment:create_environment_scripts_only(ros_gz_example_application)
[2.013s] DEBUG:colcon.colcon_core.event_handler.log_command:Invoked command in '/home/loong/AGV_sim/src/build/ros_gz_example_application' returned '0': CMAKE_PREFIX_PATH=${CMAKE_PREFIX_PATH}:/opt/ros/humble /usr/bin/cmake --install /home/loong/AGV_sim/src/build/ros_gz_example_application
[2.029s] Level 1:colcon.colcon_core.environment:checking '/home/loong/AGV_sim/src/install/ros_gz_example_application' for CMake module files
[2.029s] Level 1:colcon.colcon_core.environment:checking '/home/loong/AGV_sim/src/install/ros_gz_example_application' for CMake config files
[2.029s] Level 1:colcon.colcon_core.shell:create_environment_hook('ros_gz_example_application', 'cmake_prefix_path')
[2.030s] INFO:colcon.colcon_core.shell:Creating environment hook '/home/loong/AGV_sim/src/install/ros_gz_example_application/share/ros_gz_example_application/hook/cmake_prefix_path.ps1'
[2.032s] INFO:colcon.colcon_core.shell:Creating environment descriptor '/home/loong/AGV_sim/src/install/ros_gz_example_application/share/ros_gz_example_application/hook/cmake_prefix_path.dsv'
[2.034s] INFO:colcon.colcon_core.shell:Creating environment hook '/home/loong/AGV_sim/src/install/ros_gz_example_application/share/ros_gz_example_application/hook/cmake_prefix_path.sh'
[2.036s] Level 1:colcon.colcon_core.environment:checking '/home/loong/AGV_sim/src/install/ros_gz_example_application/bin'
[2.036s] Level 1:colcon.colcon_core.environment:checking '/home/loong/AGV_sim/src/install/ros_gz_example_application/lib/pkgconfig/ros_gz_example_application.pc'
[2.037s] Level 1:colcon.colcon_core.environment:checking '/home/loong/AGV_sim/src/install/ros_gz_example_application/lib/python3.10/site-packages'
[2.037s] Level 1:colcon.colcon_core.environment:checking '/home/loong/AGV_sim/src/install/ros_gz_example_application/bin'
[2.038s] INFO:colcon.colcon_core.shell:Creating package script '/home/loong/AGV_sim/src/install/ros_gz_example_application/share/ros_gz_example_application/package.ps1'
[2.040s] INFO:colcon.colcon_core.shell:Creating package descriptor '/home/loong/AGV_sim/src/install/ros_gz_example_application/share/ros_gz_example_application/package.dsv'
[2.043s] INFO:colcon.colcon_core.shell:Creating package script '/home/loong/AGV_sim/src/install/ros_gz_example_application/share/ros_gz_example_application/package.sh'
[2.044s] INFO:colcon.colcon_core.shell:Creating package script '/home/loong/AGV_sim/src/install/ros_gz_example_application/share/ros_gz_example_application/package.bash'
[2.046s] INFO:colcon.colcon_core.shell:Creating package script '/home/loong/AGV_sim/src/install/ros_gz_example_application/share/ros_gz_example_application/package.zsh'
[2.049s] Level 1:colcon.colcon_core.environment:create_file_with_runtime_dependencies(/home/loong/AGV_sim/src/install/ros_gz_example_application/share/colcon-core/packages/ros_gz_example_application)
[2.050s] Level 1:colcon.colcon_core.environment:create_environment_scripts_only(ros_gz_example_application)
[2.050s] Level 1:colcon.colcon_core.environment:checking '/home/loong/AGV_sim/src/install/ros_gz_example_application' for CMake module files
[2.050s] Level 1:colcon.colcon_core.environment:checking '/home/loong/AGV_sim/src/install/ros_gz_example_application' for CMake config files
[2.051s] Level 1:colcon.colcon_core.shell:create_environment_hook('ros_gz_example_application', 'cmake_prefix_path')
[2.051s] INFO:colcon.colcon_core.shell:Creating environment hook '/home/loong/AGV_sim/src/install/ros_gz_example_application/share/ros_gz_example_application/hook/cmake_prefix_path.ps1'
[2.051s] INFO:colcon.colcon_core.shell:Creating environment descriptor '/home/loong/AGV_sim/src/install/ros_gz_example_application/share/ros_gz_example_application/hook/cmake_prefix_path.dsv'
[2.052s] INFO:colcon.colcon_core.shell:Creating environment hook '/home/loong/AGV_sim/src/install/ros_gz_example_application/share/ros_gz_example_application/hook/cmake_prefix_path.sh'
[2.052s] Level 1:colcon.colcon_core.environment:checking '/home/loong/AGV_sim/src/install/ros_gz_example_application/bin'
[2.053s] Level 1:colcon.colcon_core.environment:checking '/home/loong/AGV_sim/src/install/ros_gz_example_application/lib/pkgconfig/ros_gz_example_application.pc'
[2.053s] Level 1:colcon.colcon_core.environment:checking '/home/loong/AGV_sim/src/install/ros_gz_example_application/lib/python3.10/site-packages'
[2.053s] Level 1:colcon.colcon_core.environment:checking '/home/loong/AGV_sim/src/install/ros_gz_example_application/bin'
[2.054s] INFO:colcon.colcon_core.shell:Creating package script '/home/loong/AGV_sim/src/install/ros_gz_example_application/share/ros_gz_example_application/package.ps1'
[2.054s] INFO:colcon.colcon_core.shell:Creating package descriptor '/home/loong/AGV_sim/src/install/ros_gz_example_application/share/ros_gz_example_application/package.dsv'
[2.055s] INFO:colcon.colcon_core.shell:Creating package script '/home/loong/AGV_sim/src/install/ros_gz_example_application/share/ros_gz_example_application/package.sh'
[2.055s] INFO:colcon.colcon_core.shell:Creating package script '/home/loong/AGV_sim/src/install/ros_gz_example_application/share/ros_gz_example_application/package.bash'
[2.055s] INFO:colcon.colcon_core.shell:Creating package script '/home/loong/AGV_sim/src/install/ros_gz_example_application/share/ros_gz_example_application/package.zsh'
[2.056s] Level 1:colcon.colcon_core.environment:create_file_with_runtime_dependencies(/home/loong/AGV_sim/src/install/ros_gz_example_application/share/colcon-core/packages/ros_gz_example_application)
[2.057s] Level 1:colcon.colcon_core.environment:create_environment_scripts_only(harbour_assets_description)
[2.058s] Level 1:colcon.colcon_core.environment:checking '/home/loong/AGV_sim/src/install/harbour_assets_description' for CMake module files
[2.059s] Level 1:colcon.colcon_core.environment:checking '/home/loong/AGV_sim/src/install/harbour_assets_description' for CMake config files
[2.060s] DEBUG:colcon.colcon_core.event_handler.log_command:Invoked command in '/home/loong/AGV_sim/src/build/harbour_assets_description' returned '0': CMAKE_PREFIX_PATH=${CMAKE_PREFIX_PATH}:/opt/ros/humble /usr/bin/cmake --install /home/loong/AGV_sim/src/build/harbour_assets_description
[2.061s] Level 1:colcon.colcon_core.shell:create_environment_hook('harbour_assets_description', 'cmake_prefix_path')
[2.061s] INFO:colcon.colcon_core.shell:Creating environment hook '/home/loong/AGV_sim/src/install/harbour_assets_description/share/harbour_assets_description/hook/cmake_prefix_path.ps1'
[2.061s] INFO:colcon.colcon_core.shell:Creating environment descriptor '/home/loong/AGV_sim/src/install/harbour_assets_description/share/harbour_assets_description/hook/cmake_prefix_path.dsv'
[2.062s] INFO:colcon.colcon_core.shell:Creating environment hook '/home/loong/AGV_sim/src/install/harbour_assets_description/share/harbour_assets_description/hook/cmake_prefix_path.sh'
[2.062s] Level 1:colcon.colcon_core.environment:checking '/home/loong/AGV_sim/src/install/harbour_assets_description/bin'
[2.062s] Level 1:colcon.colcon_core.environment:checking '/home/loong/AGV_sim/src/install/harbour_assets_description/lib/pkgconfig/harbour_assets_description.pc'
[2.063s] Level 1:colcon.colcon_core.environment:checking '/home/loong/AGV_sim/src/install/harbour_assets_description/lib/python3.10/site-packages'
[2.063s] Level 1:colcon.colcon_core.environment:checking '/home/loong/AGV_sim/src/install/harbour_assets_description/bin'
[2.063s] INFO:colcon.colcon_core.shell:Creating package script '/home/loong/AGV_sim/src/install/harbour_assets_description/share/harbour_assets_description/package.ps1'
[2.064s] INFO:colcon.colcon_core.shell:Creating package descriptor '/home/loong/AGV_sim/src/install/harbour_assets_description/share/harbour_assets_description/package.dsv'
[2.064s] INFO:colcon.colcon_core.shell:Creating package script '/home/loong/AGV_sim/src/install/harbour_assets_description/share/harbour_assets_description/package.sh'
[2.065s] INFO:colcon.colcon_core.shell:Creating package script '/home/loong/AGV_sim/src/install/harbour_assets_description/share/harbour_assets_description/package.bash'
[2.065s] INFO:colcon.colcon_core.shell:Creating package script '/home/loong/AGV_sim/src/install/harbour_assets_description/share/harbour_assets_description/package.zsh'
[2.065s] Level 1:colcon.colcon_core.environment:create_file_with_runtime_dependencies(/home/loong/AGV_sim/src/install/harbour_assets_description/share/colcon-core/packages/harbour_assets_description)
[2.065s] Level 1:colcon.colcon_core.environment:create_environment_scripts_only(harbour_assets_description)
[2.066s] Level 1:colcon.colcon_core.environment:checking '/home/loong/AGV_sim/src/install/harbour_assets_description' for CMake module files
[2.066s] Level 1:colcon.colcon_core.environment:checking '/home/loong/AGV_sim/src/install/harbour_assets_description' for CMake config files
[2.066s] Level 1:colcon.colcon_core.shell:create_environment_hook('harbour_assets_description', 'cmake_prefix_path')
[2.067s] INFO:colcon.colcon_core.shell:Creating environment hook '/home/loong/AGV_sim/src/install/harbour_assets_description/share/harbour_assets_description/hook/cmake_prefix_path.ps1'
[2.067s] INFO:colcon.colcon_core.shell:Creating environment descriptor '/home/loong/AGV_sim/src/install/harbour_assets_description/share/harbour_assets_description/hook/cmake_prefix_path.dsv'
[2.067s] INFO:colcon.colcon_core.shell:Creating environment hook '/home/loong/AGV_sim/src/install/harbour_assets_description/share/harbour_assets_description/hook/cmake_prefix_path.sh'
[2.067s] Level 1:colcon.colcon_core.environment:checking '/home/loong/AGV_sim/src/install/harbour_assets_description/bin'
[2.067s] Level 1:colcon.colcon_core.environment:checking '/home/loong/AGV_sim/src/install/harbour_assets_description/lib/pkgconfig/harbour_assets_description.pc'
[2.068s] Level 1:colcon.colcon_core.environment:checking '/home/loong/AGV_sim/src/install/harbour_assets_description/lib/python3.10/site-packages'
[2.068s] Level 1:colcon.colcon_core.environment:checking '/home/loong/AGV_sim/src/install/harbour_assets_description/bin'
[2.068s] INFO:colcon.colcon_core.shell:Creating package script '/home/loong/AGV_sim/src/install/harbour_assets_description/share/harbour_assets_description/package.ps1'
[2.068s] INFO:colcon.colcon_core.shell:Creating package descriptor '/home/loong/AGV_sim/src/install/harbour_assets_description/share/harbour_assets_description/package.dsv'
[2.069s] INFO:colcon.colcon_core.shell:Creating package script '/home/loong/AGV_sim/src/install/harbour_assets_description/share/harbour_assets_description/package.sh'
[2.069s] INFO:colcon.colcon_core.shell:Creating package script '/home/loong/AGV_sim/src/install/harbour_assets_description/share/harbour_assets_description/package.bash'
[2.069s] INFO:colcon.colcon_core.shell:Creating package script '/home/loong/AGV_sim/src/install/harbour_assets_description/share/harbour_assets_description/package.zsh'
[2.069s] Level 1:colcon.colcon_core.environment:create_file_with_runtime_dependencies(/home/loong/AGV_sim/src/install/harbour_assets_description/share/colcon-core/packages/harbour_assets_description)
[2.069s] Level 1:colcon.colcon_core.environment:create_environment_scripts_only(ros_gz_example_description)
[2.069s] Level 1:colcon.colcon_core.environment:checking '/home/loong/AGV_sim/src/install/ros_gz_example_description' for CMake module files
[2.070s] Level 1:colcon.colcon_core.environment:checking '/home/loong/AGV_sim/src/install/ros_gz_example_description' for CMake config files
[2.070s] DEBUG:colcon.colcon_core.event_handler.log_command:Invoked command in '/home/loong/AGV_sim/src/build/ros_gz_example_description' returned '0': CMAKE_PREFIX_PATH=${CMAKE_PREFIX_PATH}:/opt/ros/humble /usr/bin/cmake --install /home/loong/AGV_sim/src/build/ros_gz_example_description
[2.070s] Level 1:colcon.colcon_core.shell:create_environment_hook('ros_gz_example_description', 'cmake_prefix_path')
[2.071s] INFO:colcon.colcon_core.shell:Creating environment hook '/home/loong/AGV_sim/src/install/ros_gz_example_description/share/ros_gz_example_description/hook/cmake_prefix_path.ps1'
[2.071s] INFO:colcon.colcon_core.shell:Creating environment descriptor '/home/loong/AGV_sim/src/install/ros_gz_example_description/share/ros_gz_example_description/hook/cmake_prefix_path.dsv'
[2.071s] INFO:colcon.colcon_core.shell:Creating environment hook '/home/loong/AGV_sim/src/install/ros_gz_example_description/share/ros_gz_example_description/hook/cmake_prefix_path.sh'
[2.071s] Level 1:colcon.colcon_core.environment:checking '/home/loong/AGV_sim/src/install/ros_gz_example_description/bin'
[2.071s] Level 1:colcon.colcon_core.environment:checking '/home/loong/AGV_sim/src/install/ros_gz_example_description/lib/pkgconfig/ros_gz_example_description.pc'
[2.071s] Level 1:colcon.colcon_core.environment:checking '/home/loong/AGV_sim/src/install/ros_gz_example_description/lib/python3.10/site-packages'
[2.071s] Level 1:colcon.colcon_core.environment:checking '/home/loong/AGV_sim/src/install/ros_gz_example_description/bin'
[2.072s] INFO:colcon.colcon_core.shell:Creating package script '/home/loong/AGV_sim/src/install/ros_gz_example_description/share/ros_gz_example_description/package.ps1'
[2.072s] INFO:colcon.colcon_core.shell:Creating package descriptor '/home/loong/AGV_sim/src/install/ros_gz_example_description/share/ros_gz_example_description/package.dsv'
[2.072s] INFO:colcon.colcon_core.shell:Creating package script '/home/loong/AGV_sim/src/install/ros_gz_example_description/share/ros_gz_example_description/package.sh'
[2.072s] INFO:colcon.colcon_core.shell:Creating package script '/home/loong/AGV_sim/src/install/ros_gz_example_description/share/ros_gz_example_description/package.bash'
[2.072s] INFO:colcon.colcon_core.shell:Creating package script '/home/loong/AGV_sim/src/install/ros_gz_example_description/share/ros_gz_example_description/package.zsh'
[2.072s] Level 1:colcon.colcon_core.environment:create_file_with_runtime_dependencies(/home/loong/AGV_sim/src/install/ros_gz_example_description/share/colcon-core/packages/ros_gz_example_description)
[2.072s] Level 1:colcon.colcon_core.environment:create_environment_scripts_only(ros_gz_example_description)
[2.073s] Level 1:colcon.colcon_core.environment:checking '/home/loong/AGV_sim/src/install/ros_gz_example_description' for CMake module files
[2.073s] Level 1:colcon.colcon_core.environment:checking '/home/loong/AGV_sim/src/install/ros_gz_example_description' for CMake config files
[2.073s] Level 1:colcon.colcon_core.shell:create_environment_hook('ros_gz_example_description', 'cmake_prefix_path')
[2.073s] INFO:colcon.colcon_core.shell:Creating environment hook '/home/loong/AGV_sim/src/install/ros_gz_example_description/share/ros_gz_example_description/hook/cmake_prefix_path.ps1'
[2.073s] INFO:colcon.colcon_core.shell:Creating environment descriptor '/home/loong/AGV_sim/src/install/ros_gz_example_description/share/ros_gz_example_description/hook/cmake_prefix_path.dsv'
[2.073s] INFO:colcon.colcon_core.shell:Creating environment hook '/home/loong/AGV_sim/src/install/ros_gz_example_description/share/ros_gz_example_description/hook/cmake_prefix_path.sh'
[2.073s] Level 1:colcon.colcon_core.environment:checking '/home/loong/AGV_sim/src/install/ros_gz_example_description/bin'
[2.073s] Level 1:colcon.colcon_core.environment:checking '/home/loong/AGV_sim/src/install/ros_gz_example_description/lib/pkgconfig/ros_gz_example_description.pc'
[2.073s] Level 1:colcon.colcon_core.environment:checking '/home/loong/AGV_sim/src/install/ros_gz_example_description/lib/python3.10/site-packages'
[2.074s] Level 1:colcon.colcon_core.environment:checking '/home/loong/AGV_sim/src/install/ros_gz_example_description/bin'
[2.074s] INFO:colcon.colcon_core.shell:Creating package script '/home/loong/AGV_sim/src/install/ros_gz_example_description/share/ros_gz_example_description/package.ps1'
[2.074s] INFO:colcon.colcon_core.shell:Creating package descriptor '/home/loong/AGV_sim/src/install/ros_gz_example_description/share/ros_gz_example_description/package.dsv'
[2.074s] INFO:colcon.colcon_core.shell:Creating package script '/home/loong/AGV_sim/src/install/ros_gz_example_description/share/ros_gz_example_description/package.sh'
[2.074s] INFO:colcon.colcon_core.shell:Creating package script '/home/loong/AGV_sim/src/install/ros_gz_example_description/share/ros_gz_example_description/package.bash'
[2.074s] INFO:colcon.colcon_core.shell:Creating package script '/home/loong/AGV_sim/src/install/ros_gz_example_description/share/ros_gz_example_description/package.zsh'
[2.075s] Level 1:colcon.colcon_core.environment:create_file_with_runtime_dependencies(/home/loong/AGV_sim/src/install/ros_gz_example_description/share/colcon-core/packages/ros_gz_example_description)
[2.075s] INFO:colcon.colcon_ros.task.ament_cmake.build:Building ROS package in '/home/loong/AGV_sim/src/ros_gz_project_template/ros_gz_example_gazebo' with build type 'ament_cmake'
[2.075s] INFO:colcon.colcon_cmake.task.cmake.build:Building CMake package in '/home/loong/AGV_sim/src/ros_gz_project_template/ros_gz_example_gazebo'
[2.075s] INFO:colcon.colcon_core.shell:Skip shell extension 'powershell' for command environment: Not usable outside of PowerShell
[2.075s] DEBUG:colcon.colcon_core.shell:Skip shell extension 'dsv' for command environment
[2.087s] DEBUG:colcon.colcon_core.event_handler.log_command:Invoking command in '/home/loong/AGV_sim/src/build/ros_gz_example_gazebo': AMENT_PREFIX_PATH=/home/loong/AGV_sim/src/install/ros_gz_example_description:${AMENT_PREFIX_PATH} CMAKE_PREFIX_PATH=/home/loong/AGV_sim/src/install/ros_gz_example_description:/home/loong/AGV_sim/install/ros_gz_example_bringup:/home/loong/AGV_sim/install/ros_gz_example_gazebo:/home/loong/AGV_sim/install/ros_gz_example_description:/home/loong/AGV_sim/install/ros_gz_example_application:/opt/ros/humble GZ_SIM_RESOURCE_PATH=/home/loong/AGV_sim/src/install/ros_gz_example_description/share/ros_gz_example_description/models:${GZ_SIM_RESOURCE_PATH} /usr/bin/cmake --build /home/loong/AGV_sim/src/build/ros_gz_example_gazebo -- -j32 -l32
[2.355s] DEBUG:colcon.colcon_core.event_handler.log_command:Invoked command in '/home/loong/AGV_sim/src/build/ros_gz_example_gazebo' returned '2': AMENT_PREFIX_PATH=/home/loong/AGV_sim/src/install/ros_gz_example_description:${AMENT_PREFIX_PATH} CMAKE_PREFIX_PATH=/home/loong/AGV_sim/src/install/ros_gz_example_description:/home/loong/AGV_sim/install/ros_gz_example_bringup:/home/loong/AGV_sim/install/ros_gz_example_gazebo:/home/loong/AGV_sim/install/ros_gz_example_description:/home/loong/AGV_sim/install/ros_gz_example_application:/opt/ros/humble GZ_SIM_RESOURCE_PATH=/home/loong/AGV_sim/src/install/ros_gz_example_description/share/ros_gz_example_description/models:${GZ_SIM_RESOURCE_PATH} /usr/bin/cmake --build /home/loong/AGV_sim/src/build/ros_gz_example_gazebo -- -j32 -l32
[2.359s] Level 1:colcon.colcon_core.environment:create_environment_scripts_only(ros_gz_example_gazebo)
[2.359s] Level 1:colcon.colcon_core.environment:checking '/home/loong/AGV_sim/src/install/ros_gz_example_gazebo' for CMake module files
[2.360s] Level 1:colcon.colcon_core.environment:checking '/home/loong/AGV_sim/src/install/ros_gz_example_gazebo' for CMake config files
[2.361s] Level 1:colcon.colcon_core.shell:create_environment_hook('ros_gz_example_gazebo', 'cmake_prefix_path')
[2.361s] INFO:colcon.colcon_core.shell:Creating environment hook '/home/loong/AGV_sim/src/install/ros_gz_example_gazebo/share/ros_gz_example_gazebo/hook/cmake_prefix_path.ps1'
[2.362s] INFO:colcon.colcon_core.shell:Creating environment descriptor '/home/loong/AGV_sim/src/install/ros_gz_example_gazebo/share/ros_gz_example_gazebo/hook/cmake_prefix_path.dsv'
[2.363s] INFO:colcon.colcon_core.shell:Creating environment hook '/home/loong/AGV_sim/src/install/ros_gz_example_gazebo/share/ros_gz_example_gazebo/hook/cmake_prefix_path.sh'
[2.364s] Level 1:colcon.colcon_core.environment:checking '/home/loong/AGV_sim/src/install/ros_gz_example_gazebo/lib'
[2.364s] Level 1:colcon.colcon_core.environment:checking '/home/loong/AGV_sim/src/install/ros_gz_example_gazebo/bin'
[2.364s] Level 1:colcon.colcon_core.environment:checking '/home/loong/AGV_sim/src/install/ros_gz_example_gazebo/lib/pkgconfig/ros_gz_example_gazebo.pc'
[2.365s] Level 1:colcon.colcon_core.environment:checking '/home/loong/AGV_sim/src/install/ros_gz_example_gazebo/lib/python3.10/site-packages'
[2.365s] Level 1:colcon.colcon_core.environment:checking '/home/loong/AGV_sim/src/install/ros_gz_example_gazebo/bin'
[2.365s] INFO:colcon.colcon_core.shell:Creating package script '/home/loong/AGV_sim/src/install/ros_gz_example_gazebo/share/ros_gz_example_gazebo/package.ps1'
[2.366s] INFO:colcon.colcon_core.shell:Creating package descriptor '/home/loong/AGV_sim/src/install/ros_gz_example_gazebo/share/ros_gz_example_gazebo/package.dsv'
[2.367s] INFO:colcon.colcon_core.shell:Creating package script '/home/loong/AGV_sim/src/install/ros_gz_example_gazebo/share/ros_gz_example_gazebo/package.sh'
[2.367s] INFO:colcon.colcon_core.shell:Creating package script '/home/loong/AGV_sim/src/install/ros_gz_example_gazebo/share/ros_gz_example_gazebo/package.bash'
[2.367s] INFO:colcon.colcon_core.shell:Creating package script '/home/loong/AGV_sim/src/install/ros_gz_example_gazebo/share/ros_gz_example_gazebo/package.zsh'
[2.368s] Level 1:colcon.colcon_core.environment:create_file_with_runtime_dependencies(/home/loong/AGV_sim/src/install/ros_gz_example_gazebo/share/colcon-core/packages/ros_gz_example_gazebo)
[2.378s] DEBUG:colcon.colcon_parallel_executor.executor.parallel:closing loop
[2.379s] DEBUG:colcon.colcon_parallel_executor.executor.parallel:loop closed
[2.379s] DEBUG:colcon.colcon_parallel_executor.executor.parallel:run_until_complete finished with '2'
[2.379s] DEBUG:colcon.colcon_core.event_reactor:joining thread
[2.393s] INFO:colcon.colcon_core.plugin_system:Skipping extension 'colcon_notification.desktop_notification.terminal_notifier': Not used on non-Darwin systems
[2.394s] INFO:colcon.colcon_core.plugin_system:Skipping extension 'colcon_notification.desktop_notification.win32': Not used on non-Windows systems
[2.394s] INFO:colcon.colcon_notification.desktop_notification:Sending desktop notification using 'notify2'
[2.415s] DEBUG:colcon.colcon_core.event_reactor:joined thread
[2.415s] INFO:colcon.colcon_core.shell:Creating prefix script '/home/loong/AGV_sim/src/install/local_setup.ps1'
[2.416s] INFO:colcon.colcon_core.shell:Creating prefix util module '/home/loong/AGV_sim/src/install/_local_setup_util_ps1.py'
[2.418s] INFO:colcon.colcon_core.shell:Creating prefix chain script '/home/loong/AGV_sim/src/install/setup.ps1'
[2.420s] INFO:colcon.colcon_core.shell:Creating prefix script '/home/loong/AGV_sim/src/install/local_setup.sh'
[2.420s] INFO:colcon.colcon_core.shell:Creating prefix util module '/home/loong/AGV_sim/src/install/_local_setup_util_sh.py'
[2.421s] INFO:colcon.colcon_core.shell:Creating prefix chain script '/home/loong/AGV_sim/src/install/setup.sh'
[2.423s] INFO:colcon.colcon_core.shell:Creating prefix script '/home/loong/AGV_sim/src/install/local_setup.bash'
[2.423s] INFO:colcon.colcon_core.shell:Creating prefix chain script '/home/loong/AGV_sim/src/install/setup.bash'
[2.425s] INFO:colcon.colcon_core.shell:Creating prefix script '/home/loong/AGV_sim/src/install/local_setup.zsh'
[2.425s] INFO:colcon.colcon_core.shell:Creating prefix chain script '/home/loong/AGV_sim/src/install/setup.zsh'
